2023-05-08 13:19:49,877 - DEBUG - Starting new HTTPS connection (1): test-wallter.eu.auth0.com:443
2023-05-08 13:19:50,432 - DEBUG - https://test-wallter.eu.auth0.com:443 "POST /oauth/token HTTP/1.1" 200 None
2023-05-08 13:19:50,434 - INFO - Successfully logged in to Wallter!
2023-05-08 13:19:50,435 - DEBUG - Starting new HTTPS connection (1): crymbo-integ.wallter.com:443
2023-05-08 13:19:50,835 - DEBUG - https://crymbo-integ.wallter.com:443 "POST /api/v2/auth/redirect HTTP/1.1" 200 None
2023-05-08 13:19:50,836 - INFO - Successfully redirected to Crymbo!
2023-05-08 13:19:50,836 - INFO - 73f8d7ab-c19d-47f1-9bac-9071ba68b0f9
2023-05-08 13:19:51,322 - DEBUG - https://crymbo-integ.wallter.com:443 "POST /api/v2/auth/token HTTP/1.1" 200 None
2023-05-08 13:19:51,323 - INFO - Successfully logged in to Crymbo!
2023-05-08 13:19:53,454 - DEBUG - https://crymbo-integ.wallter.com:443 "POST /api/v2/payment/initiate HTTP/1.1" 201 26
2023-05-08 13:19:53,455 - INFO - DEBIT Transaction is created
2023-05-08 13:19:53,455 - INFO - yMYerlMEkbOB
2023-05-08 13:19:55,601 - DEBUG - https://crymbo-integ.wallter.com:443 "POST /api/v2/payment/initiate HTTP/1.1" 400 82
2023-05-08 13:19:55,603 - INFO - Duplicate payment!
2023-05-08 13:19:55,603 - INFO - 400
2023-05-08 13:21:23,920 - DEBUG - Starting new HTTPS connection (1): test-wallter.eu.auth0.com:443
2023-05-08 13:21:24,561 - DEBUG - https://test-wallter.eu.auth0.com:443 "POST /oauth/token HTTP/1.1" 200 None
2023-05-08 13:21:24,565 - INFO - Successfully logged in to Wallter!
2023-05-08 13:21:24,567 - DEBUG - Starting new HTTPS connection (1): crymbo-integ.wallter.com:443
2023-05-08 13:21:24,892 - DEBUG - https://crymbo-integ.wallter.com:443 "POST /api/v2/auth/redirect HTTP/1.1" 200 None
2023-05-08 13:21:24,893 - INFO - Successfully redirected to Crymbo!
2023-05-08 13:21:24,894 - INFO - 9a104840-f12d-4e01-8404-83609ff459e4
2023-05-08 13:21:25,359 - DEBUG - https://crymbo-integ.wallter.com:443 "POST /api/v2/auth/token HTTP/1.1" 200 None
2023-05-08 13:21:25,359 - INFO - Successfully logged in to Crymbo!
2023-05-08 13:21:27,596 - DEBUG - https://crymbo-integ.wallter.com:443 "POST /api/v2/payment/initiate HTTP/1.1" 400 82
2023-05-08 13:21:27,597 - INFO - Transaction creation is failed!
2023-05-08 13:23:30,594 - DEBUG - Starting new HTTPS connection (1): test-wallter.eu.auth0.com:443
2023-05-08 13:23:30,992 - DEBUG - https://test-wallter.eu.auth0.com:443 "POST /oauth/token HTTP/1.1" 200 None
2023-05-08 13:23:30,992 - INFO - Successfully logged in to Wallter!
2023-05-08 13:23:30,993 - DEBUG - Starting new HTTPS connection (1): crymbo-integ.wallter.com:443
2023-05-08 13:23:31,329 - DEBUG - https://crymbo-integ.wallter.com:443 "POST /api/v2/auth/redirect HTTP/1.1" 200 None
2023-05-08 13:23:31,329 - INFO - Successfully redirected to Crymbo!
2023-05-08 13:23:31,329 - INFO - 3f522524-4d90-4a07-bfe6-51c5168b919c
2023-05-08 13:23:31,818 - DEBUG - https://crymbo-integ.wallter.com:443 "POST /api/v2/auth/token HTTP/1.1" 200 None
2023-05-08 13:23:31,818 - INFO - Successfully logged in to Crymbo!
2023-05-08 13:23:33,834 - DEBUG - https://crymbo-integ.wallter.com:443 "POST /api/v2/payment/initiate HTTP/1.1" 400 82
2023-05-08 13:23:33,834 - INFO - Transaction creation is failed!
2023-05-08 13:25:34,432 - DEBUG - Starting new HTTPS connection (1): test-wallter.eu.auth0.com:443
2023-05-08 13:25:34,917 - DEBUG - https://test-wallter.eu.auth0.com:443 "POST /oauth/token HTTP/1.1" 200 None
2023-05-08 13:25:34,918 - INFO - Successfully logged in to Wallter!
2023-05-08 13:25:34,919 - DEBUG - Starting new HTTPS connection (1): crymbo-integ.wallter.com:443
2023-05-08 13:25:35,304 - DEBUG - https://crymbo-integ.wallter.com:443 "POST /api/v2/auth/redirect HTTP/1.1" 200 None
2023-05-08 13:25:35,305 - INFO - Successfully redirected to Crymbo!
2023-05-08 13:25:35,305 - INFO - a2dba881-51f2-4e18-a70c-b2bcf658fe59
2023-05-08 13:25:35,796 - DEBUG - https://crymbo-integ.wallter.com:443 "POST /api/v2/auth/token HTTP/1.1" 200 None
2023-05-08 13:25:35,796 - INFO - Successfully logged in to Crymbo!
2023-05-08 13:25:37,907 - DEBUG - https://crymbo-integ.wallter.com:443 "POST /api/v2/payment/initiate HTTP/1.1" 201 26
2023-05-08 13:25:37,907 - INFO - DEBIT Transaction is created
2023-05-08 13:25:37,907 - INFO - gl9avp9YgdG1
2023-05-08 13:25:37,907 - INFO - 8.06526704287343
2023-05-08 13:25:37,907 - INFO - 1.081942514580087
2023-05-08 13:25:40,012 - DEBUG - https://crymbo-integ.wallter.com:443 "POST /api/v2/payment/initiate HTTP/1.1" 400 82
2023-05-08 13:25:40,012 - INFO - Duplicate payment!
2023-05-08 13:25:40,012 - INFO - 400
2023-05-08 13:25:56,194 - DEBUG - Starting new HTTPS connection (1): test-wallter.eu.auth0.com:443
2023-05-08 13:25:56,515 - DEBUG - https://test-wallter.eu.auth0.com:443 "POST /oauth/token HTTP/1.1" 200 None
2023-05-08 13:25:56,518 - INFO - Successfully logged in to Wallter!
2023-05-08 13:25:56,522 - DEBUG - Starting new HTTPS connection (1): crymbo-integ.wallter.com:443
2023-05-08 13:25:56,844 - DEBUG - https://crymbo-integ.wallter.com:443 "POST /api/v2/auth/redirect HTTP/1.1" 200 None
2023-05-08 13:25:56,845 - INFO - Successfully redirected to Crymbo!
2023-05-08 13:25:56,845 - INFO - fafd5f66-b1f0-42a2-a0bb-0d48761d82c9
2023-05-08 13:25:57,286 - DEBUG - https://crymbo-integ.wallter.com:443 "POST /api/v2/auth/token HTTP/1.1" 200 None
2023-05-08 13:25:57,286 - INFO - Successfully logged in to Crymbo!
2023-05-08 13:25:59,313 - DEBUG - https://crymbo-integ.wallter.com:443 "POST /api/v2/payment/initiate HTTP/1.1" 201 26
2023-05-08 13:25:59,313 - INFO - DEBIT Transaction is created
2023-05-08 13:25:59,313 - INFO - 7LDdwqREma1Y
2023-05-08 13:25:59,313 - INFO - 5.754798512347743
2023-05-08 13:25:59,313 - INFO - 1.6259481348939273
2023-05-08 13:26:01,426 - DEBUG - https://crymbo-integ.wallter.com:443 "POST /api/v2/payment/initiate HTTP/1.1" 400 82
2023-05-08 13:26:01,427 - INFO - Duplicate payment!
2023-05-08 13:26:01,427 - INFO - 400
2023-05-08 13:41:00,411 - DEBUG - Starting new HTTPS connection (1): test-wallter.eu.auth0.com:443
2023-05-08 13:41:00,938 - DEBUG - https://test-wallter.eu.auth0.com:443 "POST /oauth/token HTTP/1.1" 200 None
2023-05-08 13:41:00,939 - INFO - Successfully logged in to Wallter!
2023-05-08 13:41:00,940 - DEBUG - Starting new HTTPS connection (1): crymbo-integ.wallter.com:443
2023-05-08 13:41:01,309 - DEBUG - https://crymbo-integ.wallter.com:443 "POST /api/v2/auth/redirect HTTP/1.1" 200 None
2023-05-08 13:41:01,310 - INFO - Successfully redirected to Crymbo!
2023-05-08 13:41:01,310 - INFO - 42e361ad-a8fa-46c8-a61a-0d488fdbbf95
2023-05-08 13:41:01,913 - DEBUG - https://crymbo-integ.wallter.com:443 "POST /api/v2/auth/token HTTP/1.1" 200 None
2023-05-08 13:41:01,913 - INFO - Successfully logged in to Crymbo!
2023-05-08 13:41:04,070 - DEBUG - https://crymbo-integ.wallter.com:443 "POST /api/v2/payment/initiate HTTP/1.1" 201 26
2023-05-08 13:41:04,071 - INFO - DEBIT Transaction is created
2023-05-08 13:41:04,072 - INFO - JX7axr7Vndyv
2023-05-08 13:41:04,072 - INFO - 1.5735370720392445
2023-05-08 13:41:04,072 - INFO - 0.5399309949601241
2023-05-08 13:41:06,037 - DEBUG - https://crymbo-integ.wallter.com:443 "POST /api/v2/payment/initiate HTTP/1.1" 400 82
2023-05-08 13:41:06,037 - INFO - Duplicate payment!
2023-05-08 13:41:06,037 - INFO - 400
2023-05-08 13:41:06,497 - DEBUG - https://crymbo-integ.wallter.com:443 "DELETE /api/v2/payment/JX7axr7Vndyv HTTP/1.1" 200 None
2023-05-08 13:41:06,497 - INFO - CREDIT Transaction is canceled!
2023-05-08 13:41:06,497 - INFO - CANCELED
2023-05-08 14:53:27,326 - DEBUG - Starting new HTTPS connection (1): test-wallter.eu.auth0.com:443
2023-05-08 14:53:28,103 - DEBUG - https://test-wallter.eu.auth0.com:443 "POST /oauth/token HTTP/1.1" 200 None
2023-05-08 14:53:28,108 - INFO - Successfully logged in to Wallter!
2023-05-08 14:53:28,109 - DEBUG - Starting new HTTPS connection (1): crymbo-integ.wallter.com:443
2023-05-08 14:53:28,493 - DEBUG - https://crymbo-integ.wallter.com:443 "POST /api/v2/auth/redirect HTTP/1.1" 200 None
2023-05-08 14:53:28,494 - INFO - Successfully redirected to Crymbo!
2023-05-08 14:53:28,494 - INFO - 503bceeb-4097-484a-87e9-ffe40abf32d0
2023-05-08 14:53:29,033 - DEBUG - https://crymbo-integ.wallter.com:443 "POST /api/v2/auth/token HTTP/1.1" 200 None
2023-05-08 14:53:29,034 - INFO - Successfully logged in to Crymbo!
2023-05-08 14:53:31,083 - DEBUG - https://crymbo-integ.wallter.com:443 "POST /api/v2/payment/initiate HTTP/1.1" 201 26
2023-05-08 14:53:31,084 - INFO - DEBIT Transaction is created
2023-05-08 14:53:31,084 - INFO - kzPdyvJ6weQr
2023-05-08 14:53:31,084 - INFO - 1.7994691501072686
2023-05-08 14:53:31,084 - INFO - 1.559636367877334
2023-05-08 14:53:33,303 - DEBUG - https://crymbo-integ.wallter.com:443 "POST /api/v2/payment/initiate HTTP/1.1" 400 82
2023-05-08 14:53:33,304 - INFO - Duplicate payment!
2023-05-08 14:53:33,304 - INFO - 400
2023-05-08 14:53:33,791 - DEBUG - https://crymbo-integ.wallter.com:443 "DELETE /api/v2/payment/kzPdyvJ6weQr HTTP/1.1" 200 None
2023-05-08 14:53:33,792 - INFO - CREDIT Transaction is canceled!
2023-05-08 14:53:33,792 - INFO - CANCELED
2023-05-08 14:53:35,953 - DEBUG - https://crymbo-integ.wallter.com:443 "POST /api/v2/payment/initiate HTTP/1.1" 400 82
2023-05-08 14:53:35,953 - INFO - Transaction creation is failed!
2023-05-08 14:56:48,036 - DEBUG - Starting new HTTPS connection (1): test-wallter.eu.auth0.com:443
2023-05-08 14:56:48,440 - DEBUG - https://test-wallter.eu.auth0.com:443 "POST /oauth/token HTTP/1.1" 200 None
2023-05-08 14:56:48,443 - INFO - Successfully logged in to Wallter!
2023-05-08 14:56:48,447 - DEBUG - Starting new HTTPS connection (1): crymbo-integ.wallter.com:443
2023-05-08 14:56:48,799 - DEBUG - https://crymbo-integ.wallter.com:443 "POST /api/v2/auth/redirect HTTP/1.1" 200 None
2023-05-08 14:56:48,799 - INFO - Successfully redirected to Crymbo!
2023-05-08 14:56:48,800 - INFO - ed27d01c-9ea0-49c0-97ef-e16f9cd5c1bd
2023-05-08 14:56:49,302 - DEBUG - https://crymbo-integ.wallter.com:443 "POST /api/v2/auth/token HTTP/1.1" 200 None
2023-05-08 14:56:49,303 - INFO - Successfully logged in to Crymbo!
2023-05-08 14:56:51,467 - DEBUG - https://crymbo-integ.wallter.com:443 "POST /api/v2/payment/initiate HTTP/1.1" 201 26
2023-05-08 14:56:51,468 - INFO - DEBIT Transaction is created
2023-05-08 14:56:51,469 - INFO - mxkazwxB7bJ0
2023-05-08 14:56:51,469 - INFO - 9.149052629004906
2023-05-08 14:56:51,469 - INFO - 1.6378585862716881
2023-05-08 14:56:53,613 - DEBUG - https://crymbo-integ.wallter.com:443 "POST /api/v2/payment/initiate HTTP/1.1" 400 82
2023-05-08 14:56:53,614 - INFO - Duplicate payment!
2023-05-08 14:56:53,614 - INFO - 400
2023-05-08 14:56:54,023 - DEBUG - https://crymbo-integ.wallter.com:443 "DELETE /api/v2/payment/mxkazwxB7bJ0 HTTP/1.1" 200 None
2023-05-08 14:56:54,024 - INFO - CREDIT Transaction is canceled!
2023-05-08 14:56:54,024 - INFO - CANCELED
2023-05-08 15:01:36,994 - DEBUG - Starting new HTTPS connection (1): test-wallter.eu.auth0.com:443
2023-05-08 15:01:37,560 - DEBUG - https://test-wallter.eu.auth0.com:443 "POST /oauth/token HTTP/1.1" 200 None
2023-05-08 15:01:37,562 - INFO - Successfully logged in to Wallter!
2023-05-08 15:01:37,563 - DEBUG - Starting new HTTPS connection (1): crymbo-integ.wallter.com:443
2023-05-08 15:01:37,949 - DEBUG - https://crymbo-integ.wallter.com:443 "POST /api/v2/auth/redirect HTTP/1.1" 200 None
2023-05-08 15:01:37,950 - INFO - Successfully redirected to Crymbo!
2023-05-08 15:01:37,950 - INFO - 153df030-3e18-49aa-a4a2-ac93e5b113bd
2023-05-08 15:01:38,417 - DEBUG - https://crymbo-integ.wallter.com:443 "POST /api/v2/auth/token HTTP/1.1" 200 None
2023-05-08 15:01:38,417 - INFO - Successfully logged in to Crymbo!
2023-05-08 15:01:40,449 - DEBUG - https://crymbo-integ.wallter.com:443 "POST /api/v2/payment/initiate HTTP/1.1" 201 26
2023-05-08 15:01:40,450 - INFO - DEBIT Transaction is created
2023-05-08 15:01:40,450 - INFO - 4w9aAY9Q1avM
2023-05-08 15:01:40,450 - INFO - 4.0678376909217855
2023-05-08 15:01:40,450 - INFO - 0.8923997612243744
2023-05-08 15:01:42,550 - DEBUG - https://crymbo-integ.wallter.com:443 "POST /api/v2/payment/initiate HTTP/1.1" 400 82
2023-05-08 15:01:42,552 - INFO - Duplicate payment!
2023-05-08 15:01:42,552 - INFO - 400
2023-05-08 15:01:43,016 - DEBUG - https://crymbo-integ.wallter.com:443 "DELETE /api/v2/payment/4w9aAY9Q1avM HTTP/1.1" 200 None
2023-05-08 15:01:43,017 - INFO - DEBIT Transaction is canceled!
2023-05-08 15:01:43,017 - INFO - CANCELED
2023-05-08 15:01:45,185 - DEBUG - https://crymbo-integ.wallter.com:443 "POST /api/v2/payment/initiate HTTP/1.1" 201 26
2023-05-08 15:01:45,186 - INFO - CREDIT Transaction is created
2023-05-08 15:01:45,186 - INFO - X46dBYR8nb79
2023-05-08 15:01:45,187 - INFO - 9.179556464738468
2023-05-08 15:01:45,187 - INFO - 1.0265227168276247
2023-05-08 15:01:47,234 - DEBUG - https://crymbo-integ.wallter.com:443 "POST /api/v2/payment/initiate HTTP/1.1" 400 82
2023-05-08 15:01:47,236 - INFO - Duplicate payment!
2023-05-08 15:01:47,236 - INFO - 400
2023-05-08 15:01:47,700 - DEBUG - https://crymbo-integ.wallter.com:443 "DELETE /api/v2/payment/X46dBYR8nb79 HTTP/1.1" 200 None
2023-05-08 15:01:47,702 - INFO - CREDIT Transaction is canceled!
2023-05-08 15:01:47,702 - INFO - CANCELED
2023-05-08 15:13:23,942 - DEBUG - Starting new HTTPS connection (1): test-wallter.eu.auth0.com:443
2023-05-08 15:13:24,450 - DEBUG - https://test-wallter.eu.auth0.com:443 "POST /oauth/token HTTP/1.1" 200 None
2023-05-08 15:13:24,451 - INFO - Successfully logged in to Wallter!
2023-05-08 15:13:24,452 - DEBUG - Starting new HTTPS connection (1): crymbo-integ.wallter.com:443
2023-05-08 15:13:24,849 - DEBUG - https://crymbo-integ.wallter.com:443 "POST /api/v2/auth/redirect HTTP/1.1" 200 None
2023-05-08 15:13:24,850 - INFO - Successfully redirected to Crymbo!
2023-05-08 15:13:24,850 - INFO - 5fb5d729-81c2-4284-8ef0-68e079ab959f
2023-05-08 15:13:25,351 - DEBUG - https://crymbo-integ.wallter.com:443 "POST /api/v2/auth/token HTTP/1.1" 200 None
2023-05-08 15:13:25,353 - INFO - Successfully logged in to Crymbo!
2023-05-08 15:13:27,347 - DEBUG - https://crymbo-integ.wallter.com:443 "POST /api/v2/payment/initiate HTTP/1.1" 201 26
2023-05-08 15:13:27,348 - INFO - DEBIT Transaction is created
2023-05-08 15:13:27,348 - INFO - xYRdGVQYQbDz
2023-05-08 15:13:27,348 - INFO - 8.854626237372596
2023-05-08 15:13:27,348 - INFO - 0.9772547667314582
2023-05-08 15:13:29,461 - DEBUG - https://crymbo-integ.wallter.com:443 "POST /api/v2/payment/initiate HTTP/1.1" 400 82
2023-05-08 15:13:29,462 - INFO - Duplicate payment!
2023-05-08 15:13:29,462 - INFO - 400
2023-05-08 15:13:29,941 - DEBUG - https://crymbo-integ.wallter.com:443 "DELETE /api/v2/payment/xYRdGVQYQbDz HTTP/1.1" 200 None
2023-05-08 15:13:29,942 - INFO - DEBIT Transaction is canceled!
2023-05-08 15:13:29,942 - INFO - xYRdGVQYQbDz
2023-05-08 15:13:29,942 - INFO - CANCELED
2023-05-08 15:13:32,059 - DEBUG - https://crymbo-integ.wallter.com:443 "POST /api/v2/payment/initiate HTTP/1.1" 201 26
2023-05-08 15:13:32,060 - INFO - CREDIT Transaction is created
2023-05-08 15:13:32,060 - INFO - 1YQdJ97YlbOG
2023-05-08 15:13:32,060 - INFO - 1.3886344634805203
2023-05-08 15:13:32,060 - INFO - 1.91385842934443
2023-05-08 15:13:34,010 - DEBUG - https://crymbo-integ.wallter.com:443 "POST /api/v2/payment/initiate HTTP/1.1" 400 82
2023-05-08 15:13:34,011 - INFO - Duplicate payment!
2023-05-08 15:13:34,011 - INFO - 400
2023-05-08 15:13:34,432 - DEBUG - https://crymbo-integ.wallter.com:443 "DELETE /api/v2/payment/1YQdJ97YlbOG HTTP/1.1" 200 None
2023-05-08 15:13:34,434 - INFO - CREDIT Transaction is canceled!
2023-05-08 15:13:34,434 - INFO - 1YQdJ97YlbOG
2023-05-08 15:13:34,435 - INFO - CANCELED
2023-05-08 17:23:04,608 - DEBUG - Starting new HTTPS connection (1): test-wallter.eu.auth0.com:443
2023-05-08 17:23:05,136 - DEBUG - https://test-wallter.eu.auth0.com:443 "POST /oauth/token HTTP/1.1" 200 None
2023-05-08 17:23:05,142 - INFO - Successfully logged in to Wallter!
2023-05-08 17:23:05,146 - DEBUG - Starting new HTTPS connection (1): crymbo-integ.wallter.com:443
2023-05-08 17:23:05,570 - DEBUG - https://crymbo-integ.wallter.com:443 "POST /api/v2/auth/redirect HTTP/1.1" 200 None
2023-05-08 17:23:05,570 - INFO - Successfully redirected to Crymbo!
2023-05-08 17:23:05,572 - INFO - 3805f624-92a7-4765-bfc6-d25e12d94413
2023-05-08 17:23:06,067 - DEBUG - https://crymbo-integ.wallter.com:443 "POST /api/v2/auth/token HTTP/1.1" 200 None
2023-05-08 17:23:06,067 - INFO - Successfully logged in to Crymbo!
2023-05-08 17:23:08,196 - DEBUG - https://crymbo-integ.wallter.com:443 "POST /api/v2/payment/initiate HTTP/1.1" 201 26
2023-05-08 17:23:08,197 - INFO - DEBIT Transaction is created
2023-05-08 17:23:08,197 - INFO - 7N1aMV5EBbWm
2023-05-08 17:23:08,197 - INFO - 9.848296595086133
2023-05-08 17:23:08,197 - INFO - 0.8158582838579334
2023-05-08 17:23:09,671 - DEBUG - https://crymbo-integ.wallter.com:443 "POST /api/v2/payment/settle HTTP/1.1" 200 None
2023-05-08 17:23:09,672 - INFO - Transaction is completed!
2023-05-08 17:23:09,672 - INFO - 7N1aMV5EBbWm
2023-05-08 17:23:09,672 - INFO - OK00
2023-05-08 17:23:11,654 - DEBUG - https://crymbo-integ.wallter.com:443 "POST /api/v2/payment/initiate HTTP/1.1" 201 26
2023-05-08 17:23:11,655 - INFO - DEBIT Transaction is created
2023-05-08 17:23:11,655 - INFO - LYqaQ85Nqenj
2023-05-08 17:23:11,655 - INFO - 7.306321699637285
2023-05-08 17:23:11,655 - INFO - 0.8041018007842669
2023-05-08 17:23:13,183 - DEBUG - https://crymbo-integ.wallter.com:443 "POST /api/v2/payment/settle HTTP/1.1" 200 None
2023-05-08 17:23:13,184 - INFO - Transaction is completed!
2023-05-08 17:23:13,185 - INFO - LYqaQ85Nqenj
2023-05-08 17:23:13,185 - INFO - OK00
2023-05-08 17:23:15,145 - DEBUG - https://crymbo-integ.wallter.com:443 "POST /api/v2/payment/initiate HTTP/1.1" 201 26
2023-05-08 17:23:15,145 - INFO - CREDIT Transaction is created
2023-05-08 17:23:15,146 - INFO - kQBeX9k7layK
2023-05-08 17:23:15,146 - INFO - 7.289648291938402
2023-05-08 17:23:15,146 - INFO - 1.9570623887414895
2023-05-08 17:23:16,649 - DEBUG - https://crymbo-integ.wallter.com:443 "POST /api/v2/payment/settle HTTP/1.1" 200 None
2023-05-08 17:23:16,649 - INFO - Transaction is completed!
2023-05-08 17:23:16,649 - INFO - kQBeX9k7layK
2023-05-08 17:23:16,650 - INFO - OK00
2023-05-08 17:23:18,607 - DEBUG - https://crymbo-integ.wallter.com:443 "POST /api/v2/payment/initiate HTTP/1.1" 201 26
2023-05-08 17:23:18,607 - INFO - CREDIT Transaction is created
2023-05-08 17:23:18,607 - INFO - yJrb2w1gPdWL
2023-05-08 17:23:18,608 - INFO - 9.92471314274374
2023-05-08 17:23:18,608 - INFO - 1.5349834465446641
2023-05-08 17:23:20,128 - DEBUG - https://crymbo-integ.wallter.com:443 "POST /api/v2/payment/settle HTTP/1.1" 200 None
2023-05-08 17:23:20,129 - INFO - Transaction is completed!
2023-05-08 17:23:20,129 - INFO - yJrb2w1gPdWL
2023-05-08 17:23:20,129 - INFO - OK00
2023-05-21 11:46:32,637 - DEBUG - Starting new HTTPS connection (1): test-wallter.eu.auth0.com:443
2023-05-21 11:46:33,248 - DEBUG - https://test-wallter.eu.auth0.com:443 "POST /oauth/token HTTP/1.1" 200 None
2023-05-21 11:46:33,248 - INFO - Successfully logged in to Wallter!
2023-05-21 11:46:33,250 - DEBUG - Starting new HTTPS connection (1): crymbo-integ.wallter.com:443
2023-05-21 11:46:33,662 - DEBUG - https://crymbo-integ.wallter.com:443 "POST /api/v2/auth/redirect HTTP/1.1" 200 None
2023-05-21 11:46:33,663 - INFO - Successfully redirected to Crymbo!
2023-05-21 11:46:33,663 - INFO - c14468e3-ca48-4bcd-8c84-a11d00f4443b
2023-05-21 11:46:34,130 - DEBUG - https://crymbo-integ.wallter.com:443 "POST /api/v2/auth/token HTTP/1.1" 200 None
2023-05-21 11:46:34,130 - INFO - Successfully logged in to Crymbo!
2023-05-21 11:46:36,035 - DEBUG - https://crymbo-integ.wallter.com:443 "POST /api/v2/payments/initiate HTTP/1.1" 201 34
2023-05-21 11:46:36,035 - INFO - DEBIT Transaction is created
2023-05-21 11:46:36,035 - INFO - wGqLkzPdyvJ2geQrov3K
2023-05-21 11:46:36,035 - INFO - 7.5078667832186
2023-05-21 11:46:36,035 - INFO - 0.6060277988569593
2023-05-21 11:46:38,145 - DEBUG - https://crymbo-integ.wallter.com:443 "POST /api/v2/payments/initiate HTTP/1.1" 400 82
2023-05-21 11:46:38,146 - INFO - 400
2023-05-21 11:46:38,146 - INFO - {"result":"Cannot perform this action, please wait a few minutes and try again."}

2023-05-22 11:12:16,609 - DEBUG - Starting new HTTPS connection (1): test-wallter.eu.auth0.com:443
2023-05-22 11:12:17,264 - DEBUG - https://test-wallter.eu.auth0.com:443 "POST /oauth/token HTTP/1.1" 200 None
2023-05-22 11:12:17,265 - INFO - Successfully logged in to Wallter!
2023-05-22 11:12:17,268 - DEBUG - Starting new HTTPS connection (1): crymbo-integ.wallter.com:443
2023-05-22 11:12:17,654 - DEBUG - https://crymbo-integ.wallter.com:443 "POST /api/v2/auth/redirect HTTP/1.1" 200 None
2023-05-22 11:12:17,654 - INFO - Successfully redirected to Crymbo!
2023-05-22 11:12:17,654 - INFO - 78c8d76d-d7d0-4caf-b018-77340f20be6e
2023-05-22 11:12:18,175 - DEBUG - https://crymbo-integ.wallter.com:443 "POST /api/v2/auth/token HTTP/1.1" 200 None
2023-05-22 11:12:18,175 - INFO - Successfully logged in to Crymbo!
2023-05-22 11:12:20,326 - DEBUG - https://crymbo-integ.wallter.com:443 "POST /api/v2/payments/initiate HTTP/1.1" 201 19
2023-05-22 11:12:20,326 - INFO - DEBIT Transaction is created
2023-05-22 11:12:20,327 - INFO - 2066403
2023-05-22 11:12:20,327 - INFO - 1.2474455992234932
2023-05-22 11:12:20,327 - INFO - 1.351484776622991
2023-05-22 11:12:22,303 - DEBUG - https://crymbo-integ.wallter.com:443 "POST /api/v2/payments/initiate HTTP/1.1" 400 82
2023-05-22 11:12:22,304 - INFO - 400
2023-05-22 11:12:22,304 - INFO - {"result":"Cannot perform this action, please wait a few minutes and try again."}

